<?xml version="1.0" encoding="UTF-8"?>
<!-- Generated by org.testng.reporters.JUnitReportReporter -->
<testsuite hostname="DESKTOP-GFTGINV" failures="0" tests="2" name="testNG.Hierachy_anotations" time="0.025" errors="0" timestamp="2023-02-07T11:11:32 IST" skipped="0">
  <testcase classname="testNG.Hierachy_anotations" name="LoginTestCase" time="0.021"/>
  <system-out/>
  <testcase classname="testNG.Hierachy_anotations" name="registerTestCase" time="0.004"/>
  <system-out/>
</testsuite> <!-- testNG.Hierachy_anotations -->
