<?xml version="1.0" encoding="UTF-8"?>
<!-- Generated by org.testng.reporters.JUnitReportReporter -->
<testsuite hostname="DESKTOP-GFTGINV" failures="0" tests="6" name="testNG.Priority_order" time="0.039" errors="0" timestamp="2023-02-07T11:43:39 IST" skipped="0">
  <testcase classname="testNG.Priority_order" name="test" time="0.023"/>
  <system-out/>
  <testcase classname="testNG.Priority_order" name="doInitialSetup" time="0.003"/>
  <system-out/>
  <testcase classname="testNG.Priority_order" name="openBrowser" time="0.003"/>
  <system-out/>
  <testcase classname="testNG.Priority_order" name="launchgGoogle" time="0.005"/>
  <system-out/>
  <testcase classname="testNG.Priority_order" name="FacebookpageTitleVerification" time="0.003"/>
  <system-out/>
  <testcase classname="testNG.Priority_order" name="performSearchAndClick1stLink" time="0.002"/>
  <system-out/>
</testsuite> <!-- testNG.Priority_order -->
