<?xml version="1.0" encoding="UTF-8"?>
<!-- Generated by org.testng.reporters.JUnitReportReporter -->
<testsuite hostname="DESKTOP-GFTGINV" failures="0" tests="2" name="mavenexcercies.Facebook_login" time="0.024" errors="0" timestamp="2023-02-07T11:03:59 IST" skipped="0">
  <testcase classname="mavenexcercies.Facebook_login" name="LoginTestCase" time="0.016"/>
  <system-out/>
  <testcase classname="mavenexcercies.Facebook_login" name="registerTestCase" time="0.008"/>
  <system-out/>
</testsuite> <!-- mavenexcercies.Facebook_login -->
