<?xml version="1.0" encoding="UTF-8"?>
<!-- Generated by org.testng.reporters.JUnitReportReporter -->
<testsuite hostname="DESKTOP-GFTGINV" failures="0" tests="3" name="testNG.Enable" time="0.024" errors="0" timestamp="2023-02-08T12:06:49 IST" skipped="1">
  <testcase classname="testNG.Enable" name="open" time="0.003"/>
  <system-out/>
  <testcase classname="testNG.Enable" name="login" time="0.021"/>
  <system-out/>
  <testcase classname="testNG.Enable" name="exit">
    <skipped/>
  </testcase> <!-- exit -->
  <system-out/>
</testsuite> <!-- testNG.Enable -->
