<?xml version="1.0" encoding="UTF-8"?>
<!-- Generated by org.testng.reporters.JUnitReportReporter -->
<testsuite hostname="DESKTOP-GFTGINV" failures="0" tests="4" name="testNG.TestngData_provider" time="131.429" errors="0" timestamp="2023-03-03T11:20:53 IST" skipped="0">
  <testcase classname="testNG.TestngData_provider" name="test" time="42.308"/>
  <system-out/>
  <testcase classname="testNG.TestngData_provider" name="test" time="31.142"/>
  <system-out/>
  <testcase classname="testNG.TestngData_provider" name="test" time="24.679"/>
  <system-out/>
  <testcase classname="testNG.TestngData_provider" name="test" time="33.300"/>
  <system-out/>
</testsuite> <!-- testNG.TestngData_provider -->
