<?xml version="1.0" encoding="UTF-8"?>
<!-- Generated by org.testng.reporters.JUnitReportReporter -->
<testsuite hostname="DESKTOP-GFTGINV" failures="0" tests="4" name="testNG.Depends_on" time="0.106" errors="0" timestamp="2023-04-25T12:19:11 IST" skipped="0">
  <testcase classname="testNG.Depends_on" name="Blogin" time="0.075"/>
  <system-out/>
  <testcase classname="testNG.Depends_on" name="Aopen" time="0.008"/>
  <system-out/>
  <testcase classname="testNG.Depends_on" name="Dexit" time="0.015"/>
  <system-out/>
  <testcase classname="testNG.Depends_on" name="Center" time="0.008"/>
  <system-out/>
</testsuite> <!-- testNG.Depends_on -->
